[2025-09-15 18:31:48] This is codeql database create codeql-db --language=go --source-root=.
[2025-09-15 18:31:48] Log file was started late.
[2025-09-15 18:31:48] [PROGRESS] database create> Initializing database at /home/sayemah/Documents/Projects/Real-Score/Golang/codeql-db.
[2025-09-15 18:31:48] Running plumbing command: codeql database init --language=go --extractor-options-verbosity=1 --qlconfig-file=/home/sayemah/Documents/Projects/Real-Score/Golang/qlconfig.yml --source-root=/home/sayemah/Documents/Projects/Real-Score/Golang --allow-missing-source-root=false --allow-already-existing -- /home/sayemah/Documents/Projects/Real-Score/Golang/codeql-db
[2025-09-15 18:31:48] Calling plumbing command: codeql resolve languages --extractor-options-verbosity=1 --format=betterjson
[2025-09-15 18:31:49] [DETAILS] resolve languages> Scanning for [codeql-extractor.yml] from /home/sayemah/Documents/Projects/Real-Score/Golang/codeql/codeql/.codeqlmanifest.json
[2025-09-15 18:31:49] [DETAILS] resolve languages> Parsing /home/sayemah/Documents/Projects/Real-Score/Golang/codeql/codeql/java/codeql-extractor.yml.
[2025-09-15 18:31:49] [DETAILS] resolve languages> Parsing /home/sayemah/Documents/Projects/Real-Score/Golang/codeql/codeql/python/codeql-extractor.yml.
[2025-09-15 18:31:49] [DETAILS] resolve languages> Parsing /home/sayemah/Documents/Projects/Real-Score/Golang/codeql/codeql/html/codeql-extractor.yml.
[2025-09-15 18:31:49] [DETAILS] resolve languages> Parsing /home/sayemah/Documents/Projects/Real-Score/Golang/codeql/codeql/yaml/codeql-extractor.yml.
[2025-09-15 18:31:49] [DETAILS] resolve languages> Parsing /home/sayemah/Documents/Projects/Real-Score/Golang/codeql/codeql/xml/codeql-extractor.yml.
[2025-09-15 18:31:49] [DETAILS] resolve languages> Parsing /home/sayemah/Documents/Projects/Real-Score/Golang/codeql/codeql/cpp/codeql-extractor.yml.
[2025-09-15 18:31:49] [DETAILS] resolve languages> Parsing /home/sayemah/Documents/Projects/Real-Score/Golang/codeql/codeql/csv/codeql-extractor.yml.
[2025-09-15 18:31:49] [DETAILS] resolve languages> Parsing /home/sayemah/Documents/Projects/Real-Score/Golang/codeql/codeql/rust/codeql-extractor.yml.
[2025-09-15 18:31:49] [DETAILS] resolve languages> Parsing /home/sayemah/Documents/Projects/Real-Score/Golang/codeql/codeql/ruby/codeql-extractor.yml.
[2025-09-15 18:31:49] [DETAILS] resolve languages> Parsing /home/sayemah/Documents/Projects/Real-Score/Golang/codeql/codeql/go/codeql-extractor.yml.
[2025-09-15 18:31:49] [DETAILS] resolve languages> Parsing /home/sayemah/Documents/Projects/Real-Score/Golang/codeql/codeql/javascript/codeql-extractor.yml.
[2025-09-15 18:31:49] [DETAILS] resolve languages> Parsing /home/sayemah/Documents/Projects/Real-Score/Golang/codeql/codeql/properties/codeql-extractor.yml.
[2025-09-15 18:31:49] [DETAILS] resolve languages> Parsing /home/sayemah/Documents/Projects/Real-Score/Golang/codeql/codeql/csharp/codeql-extractor.yml.
[2025-09-15 18:31:49] [DETAILS] resolve languages> Parsing /home/sayemah/Documents/Projects/Real-Score/Golang/codeql/codeql/actions/codeql-extractor.yml.
[2025-09-15 18:31:49] [DETAILS] resolve languages> Parsing /home/sayemah/Documents/Projects/Real-Score/Golang/codeql/codeql/swift/codeql-extractor.yml.
[2025-09-15 18:31:49] Plumbing command codeql resolve languages completed:
                      {
                        "aliases" : {
                          "c" : "cpp",
                          "c++" : "cpp",
                          "c-c++" : "cpp",
                          "c-cpp" : "cpp",
                          "c#" : "csharp",
                          "java-kotlin" : "java",
                          "kotlin" : "java",
                          "javascript-typescript" : "javascript",
                          "typescript" : "javascript"
                        },
                        "extractors" : {
                          "java" : [
                            {
                              "extractor_root" : "/home/sayemah/Documents/Projects/Real-Score/Golang/codeql/codeql/java",
                              "extractor_options" : {
                                "exclude" : {
                                  "title" : "A glob excluding files from analysis.",
                                  "description" : "A glob indicating what files to exclude from the analysis. This accepts glob patterns that are supported by Java's 'getPathMatcher' implementation.\n",
                                  "type" : "string"
                                },
                                "add_prefer_source" : {
                                  "title" : "Whether to always prefer source files over class files.",
                                  "description" : "A value indicating whether source files should be preferred over class files. If set to 'true', the extraction adds '-Xprefer:source' to the javac command line. If set to 'false', the extraction uses the default javac behavior ('-Xprefer:newer'). The default is 'true'.\n",
                                  "type" : "string",
                                  "pattern" : "^(false|true)$"
                                },
                                "buildless" : {
                                  "title" : "Whether to use buildless (standalone) extraction (experimental).",
                                  "description" : "A value indicating, which type of extraction the autobuilder should perform. If 'true', then the standalone extractor will be used, otherwise tracing extraction will be performed. The default is 'false'. Note that buildless extraction will generally yield less accurate analysis results, and should only be used in cases where it is not possible to build the code (for example if it uses inaccessible dependencies).\n",
                                  "type" : "string",
                                  "pattern" : "^(false|true)$"
                                },
                                "buildless_dependency_dir" : {
                                  "title" : "The path where buildless (standalone) extraction should keep dependencies.",
                                  "description" : "If set, the buildless (standalone) extractor will store dependencies in this directory.\n",
                                  "type" : "string"
                                },
                                "minimize_dependency_jars" : {
                                  "title" : "Whether to rewrite and minimize downloaded JAR dependencies (experimental).",
                                  "description" : "If 'true', JAR dependencies downloaded during extraction will be rewritten to remove unneeded data, such as method bodies. The default is 'false'.\n",
                                  "type" : "string",
                                  "pattern" : "^(false|true)$"
                                }
                              }
                            }
                          ],
                          "python" : [
                            {
                              "extractor_root" : "/home/sayemah/Documents/Projects/Real-Score/Golang/codeql/codeql/python",
                              "extractor_options" : {
                                "logging" : {
                                  "title" : "Options pertaining to logging.",
                                  "description" : "Options pertaining to logging.",
                                  "type" : "object",
                                  "properties" : {
                                    "verbosity" : {
                                      "title" : "Python extractor logging verbosity level.",
                                      "description" : "Controls the level of verbosity of the CodeQL Python extractor.\nThe supported levels are (in order of increasing verbosity):\n\n  - off\n  - errors\n  - warnings\n  - info or progress\n  - debug or progress+\n  - trace or progress++\n  - progress+++\n",
                                      "type" : "string",
                                      "pattern" : "^(off|errors|warnings|(info|progress)|(debug|progress\\+)|(trace|progress\\+\\+)|progress\\+\\+\\+)$"
                                    }
                                  }
                                },
                                "python_executable_name" : {
                                  "title" : "Controls the name of the Python executable used by the Python extractor.",
                                  "description" : "The Python extractor uses platform-dependent heuristics to determine the name of the Python executable to use. Specifying a value for this option overrides the name of the Python executable used by the extractor. Accepted values are py, python and python3. Use this setting with caution, the Python extractor requires Python 3 to run.\n",
                                  "type" : "string",
                                  "pattern" : "^(py|python|python3)$"
                                }
                              }
                            }
                          ],
                          "html" : [
                            {
                              "extractor_root" : "/home/sayemah/Documents/Projects/Real-Score/Golang/codeql/codeql/html"
                            }
                          ],
                          "yaml" : [
                            {
                              "extractor_root" : "/home/sayemah/Documents/Projects/Real-Score/Golang/codeql/codeql/yaml"
                            }
                          ],
                          "xml" : [
                            {
                              "extractor_root" : "/home/sayemah/Documents/Projects/Real-Score/Golang/codeql/codeql/xml"
                            }
                          ],
                          "cpp" : [
                            {
                              "extractor_root" : "/home/sayemah/Documents/Projects/Real-Score/Golang/codeql/codeql/cpp",
                              "extractor_options" : {
                                "scale_timeouts" : {
                                  "title" : "Value to scale compiler introspection timeouts with",
                                  "description" : "The extractor attempts to determine what compiler the source code being extracted is compiled with. To this end the extractor makes additional calls to the compiler, some of which are expected to return within a certain fixed time (either 10s or 15s). On some systems that are under high load this time might be too short, and can be scaled up using this option.\n",
                                  "type" : "string",
                                  "pattern" : "[0-9]+"
                                },
                                "log_verbosity" : {
                                  "title" : "Verbosity of the extractor logging",
                                  "description" : "Set the verbosity of the extractor logging to 'quiet' (0), 'normal' (1), 'chatty' (2), or 'noisy' (3). The default is 'normal'.\n",
                                  "type" : "string",
                                  "pattern" : "[0-3]"
                                }
                              }
                            }
                          ],
                          "csv" : [
                            {
                              "extractor_root" : "/home/sayemah/Documents/Projects/Real-Score/Golang/codeql/codeql/csv"
                            }
                          ],
                          "rust" : [
                            {
                              "extractor_root" : "/home/sayemah/Documents/Projects/Real-Score/Golang/codeql/codeql/rust",
                              "extractor_options" : {
                                "trap" : {
                                  "title" : "Options pertaining to TRAP.",
                                  "description" : "Options pertaining to TRAP.",
                                  "type" : "object",
                                  "properties" : {
                                    "compression" : {
                                      "title" : "Controls compression for the TRAP files written by the extractor.",
                                      "description" : "This option is only intended for use in debugging the extractor. Accepted values are 'gzip' (to write gzip-compressed TRAP) 'zstd' (to write Zstandard-compressed TRAP) and 'none' (the default, to write uncompressed TRAP).\n",
                                      "type" : "string",
                                      "pattern" : "^(none|gzip|zstd)$"
                                    }
                                  }
                                },
                                "cargo_target_dir" : {
                                  "title" : "Directory to use for cargo output files.",
                                  "description" : "This value is an optional path to use as `CARGO_TARGET_DIR` for the internal cargo commands the extractor uses. Pointing it to a persistent directory may reduce execution time of consecutive extractor runs. By default, a new scratch directory is used for each run.\n",
                                  "type" : "string"
                                },
                                "cargo_target" : {
                                  "title" : "Target architecture",
                                  "description" : "Target architecture to use for analysis, analogous to `cargo --target`. By default the host architecture is used.\n",
                                  "type" : "string"
                                },
                                "cargo_features" : {
                                  "title" : "Cargo features to turn on",
                                  "description" : "Comma-separated list of features to turn on. By default all features are enabled. If any features are specified, then only those features are enabled. The `default` feature must be explicitly specified if only default features are desired. Can be repeated.\n",
                                  "type" : "array"
                                },
                                "cargo_cfg_overrides" : {
                                  "title" : "Cargo cfg overrides",
                                  "description" : "Comma-separated list of cfg settings to enable, or disable if prefixed with `-`. Can be repeated.\n",
                                  "type" : "array"
                                },
                                "logging" : {
                                  "title" : "Options pertaining to logging.",
                                  "description" : "Options pertaining to logging.",
                                  "type" : "object",
                                  "properties" : {
                                    "verbosity" : {
                                      "title" : "Extractor logging verbosity level.",
                                      "description" : "Controls the level of verbosity of the extractor. The supported levels are (in order of increasing verbosity):\n  - off\n  - errors\n  - warnings\n  - info or progress\n  - debug or progress+\n  - trace or progress++\n  - progress+++\n",
                                      "type" : "string",
                                      "pattern" : "^(off|errors|warnings|(info|progress)|(debug|progress\\+)|(trace|progress\\+\\+)|progress\\+\\+\\+)$"
                                    },
                                    "flamegraph" : {
                                      "title" : "[Experimental] File path for write flame graph log",
                                      "description" : "Collect flame graph data using the `tracing-flame` crate. To render a flame graph or chart, run the `inferno-flamegraph` command. See also: https://crates.io/crates/tracing-flame\n",
                                      "type" : "string"
                                    }
                                  }
                                },
                                "extract_dependencies_as_source" : {
                                  "title" : "Extract dependencies as source code",
                                  "description" : "Extract the full source code of dependencies instead of only extracting signatures.\n",
                                  "type" : "string",
                                  "pattern" : "^(false|true)$"
                                }
                              }
                            }
                          ],
                          "ruby" : [
                            {
                              "extractor_root" : "/home/sayemah/Documents/Projects/Real-Score/Golang/codeql/codeql/ruby",
                              "extractor_options" : {
                                "trap" : {
                                  "title" : "Options pertaining to TRAP.",
                                  "description" : "Options pertaining to TRAP.",
                                  "type" : "object",
                                  "properties" : {
                                    "compression" : {
                                      "title" : "Controls compression for the TRAP files written by the extractor.",
                                      "description" : "This option is only intended for use in debugging the extractor. Accepted values are 'gzip' (the default, to write gzip-compressed TRAP) 'zstd' (to write Zstandard-compressed TRAP) and 'none' (to write uncompressed TRAP).\n",
                                      "type" : "string",
                                      "pattern" : "^(none|gzip|zstd)$"
                                    }
                                  }
                                }
                              }
                            }
                          ],
                          "go" : [
                            {
                              "extractor_root" : "/home/sayemah/Documents/Projects/Real-Score/Golang/codeql/codeql/go",
                              "extractor_options" : {
                                "extract_tests" : {
                                  "title" : "Whether to include Go test files in the CodeQL database.",
                                  "description" : "A value indicating whether Go test files should be included in the CodeQL database. The default is 'false'.\n",
                                  "type" : "string",
                                  "pattern" : "^(false|true)$"
                                },
                                "extract_vendor_dirs" : {
                                  "title" : "Whether to include Go vendor directories in the CodeQL database.",
                                  "description" : "A value indicating whether Go vendor directories should be included in the CodeQL database. The default is 'false'.\n",
                                  "type" : "string",
                                  "pattern" : "^(false|true)$"
                                }
                              }
                            }
                          ],
                          "javascript" : [
                            {
                              "extractor_root" : "/home/sayemah/Documents/Projects/Real-Score/Golang/codeql/codeql/javascript",
                              "extractor_options" : {
                                "skip_types" : {
                                  "title" : "Skip type extraction for TypeScript",
                                  "description" : "Whether to skip the extraction of types in a TypeScript application",
                                  "type" : "string",
                                  "pattern" : "^(false|true)$"
                                }
                              }
                            }
                          ],
                          "properties" : [
                            {
                              "extractor_root" : "/home/sayemah/Documents/Projects/Real-Score/Golang/codeql/codeql/properties"
                            }
                          ],
                          "csharp" : [
                            {
                              "extractor_root" : "/home/sayemah/Documents/Projects/Real-Score/Golang/codeql/codeql/csharp",
                              "extractor_options" : {
                                "trap" : {
                                  "title" : "Options pertaining to TRAP.",
                                  "description" : "Options pertaining to TRAP.",
                                  "type" : "object",
                                  "properties" : {
                                    "compression" : {
                                      "title" : "Controls compression for the TRAP files written by the extractor.",
                                      "description" : "This option is only intended for use in debugging the extractor. Accepted values are 'brotli' (the default, to write brotli-compressed TRAP), 'gzip', and 'none' (to write uncompressed TRAP).\n",
                                      "type" : "string",
                                      "pattern" : "^(none|gzip|brotli)$"
                                    }
                                  }
                                },
                                "buildless" : {
                                  "title" : "DEPRECATED - Whether to use buildless (standalone) extraction.",
                                  "description" : "DEPRECATED: Use `--build-mode none` instead.\nA value indicating, which type of extraction the autobuilder should perform. If 'true', then the standalone extractor will be used, otherwise tracing extraction will be performed. The default is 'false'. Note that buildless extraction will generally yield less accurate analysis results, and should only be used in cases where it is not possible to build the code (for example if it uses inaccessible dependencies).\n",
                                  "type" : "string",
                                  "pattern" : "^(false|true)$"
                                },
                                "logging" : {
                                  "title" : "Options pertaining to logging.",
                                  "description" : "Options pertaining to logging.",
                                  "type" : "object",
                                  "properties" : {
                                    "verbosity" : {
                                      "title" : "Extractor logging verbosity level.",
                                      "description" : "Controls the level of verbosity of the extractor. The supported levels are (in order of increasing verbosity):\n  - off\n  - errors\n  - warnings\n  - info or progress\n  - debug or progress+\n  - trace or progress++\n  - progress+++\n",
                                      "type" : "string",
                                      "pattern" : "^(off|errors|warnings|(info|progress)|(debug|progress\\+)|(trace|progress\\+\\+)|progress\\+\\+\\+)$"
                                    }
                                  }
                                },
                                "binlog" : {
                                  "title" : "Binlog",
                                  "description" : "[EXPERIMENTAL] The value is a path to the MsBuild binary log file that should be extracted. This option only works when `--build-mode none` is also specified.\n",
                                  "type" : "array"
                                }
                              }
                            }
                          ],
                          "actions" : [
                            {
                              "extractor_root" : "/home/sayemah/Documents/Projects/Real-Score/Golang/codeql/codeql/actions",
                              "extractor_options" : { }
                            }
                          ],
                          "swift" : [
                            {
                              "extractor_root" : "/home/sayemah/Documents/Projects/Real-Score/Golang/codeql/codeql/swift"
                            }
                          ]
                        }
                      }
[2025-09-15 18:31:49] [PROGRESS] database init> Calculating baseline information in /home/sayemah/Documents/Projects/Real-Score/Golang
[2025-09-15 18:31:49] [SPAMMY] database init> Ignoring the following directories when processing baseline information: .git, .hg, .svn.
[2025-09-15 18:31:49] [DETAILS] database init> Running command in /home/sayemah/Documents/Projects/Real-Score/Golang: /home/sayemah/Documents/Projects/Real-Score/Golang/codeql/codeql/tools/linux64/scc --by-file --exclude-dir .git,.hg,.svn --format json --no-large --no-min .
[2025-09-15 18:31:49] Using configure-baseline script /home/sayemah/Documents/Projects/Real-Score/Golang/codeql/codeql/javascript/tools/configure-baseline.sh.
[2025-09-15 18:31:49] [PROGRESS] database init> Running command in /home/sayemah/Documents/Projects/Real-Score/Golang: [/home/sayemah/Documents/Projects/Real-Score/Golang/codeql/codeql/javascript/tools/configure-baseline.sh]
[2025-09-15 18:31:49] [SPAMMY] database init> Ignored an additional 11 files when processing baseline information for JavaScript due to paths and paths-ignore configuration.
[2025-09-15 18:31:49] [SPAMMY] database init> Ignored an additional 99 files when processing baseline information for TypeScript Typings due to paths and paths-ignore configuration.
[2025-09-15 18:31:49] Using configure-baseline script /home/sayemah/Documents/Projects/Real-Score/Golang/codeql/codeql/go/tools/configure-baseline.sh.
[2025-09-15 18:31:49] [PROGRESS] database init> Running command in /home/sayemah/Documents/Projects/Real-Score/Golang: [/home/sayemah/Documents/Projects/Real-Score/Golang/codeql/codeql/go/tools/configure-baseline.sh]
[2025-09-15 18:31:49] [SPAMMY] database init> Found 115 baseline files for javascript.
[2025-09-15 18:31:49] [SPAMMY] database init> Found 26 baseline files for python.
[2025-09-15 18:31:49] [SPAMMY] database init> Found 15 baseline files for cpp.
[2025-09-15 18:31:49] [SPAMMY] database init> Found 2 baseline files for go.
[2025-09-15 18:31:49] [SPAMMY] database init> Found 1 baseline files for rust.
[2025-09-15 18:31:49] [PROGRESS] database init> Calculated baseline information for languages: cpp, go, javascript, python, rust (92ms).
[2025-09-15 18:31:52] [PROGRESS] database init> Resolving extractor go.
[2025-09-15 18:31:52] [DETAILS] database init> Found candidate extractor root for go: /home/sayemah/Documents/Projects/Real-Score/Golang/codeql/codeql/go.
[2025-09-15 18:31:52] [PROGRESS] database init> Successfully loaded extractor Go (go) from /home/sayemah/Documents/Projects/Real-Score/Golang/codeql/codeql/go.
[2025-09-15 18:31:52] [PROGRESS] database init> Created skeleton CodeQL database at /home/sayemah/Documents/Projects/Real-Score/Golang/codeql-db. This in-progress database is ready to be populated by an extractor.
[2025-09-15 18:31:52] Plumbing command codeql database init completed.
[2025-09-15 18:31:52] Using autobuild script /home/sayemah/Documents/Projects/Real-Score/Golang/codeql/codeql/go/tools/autobuild.sh.
[2025-09-15 18:31:52] [DETAILS] database create> Detected autobuild command for Go: /home/sayemah/Documents/Projects/Real-Score/Golang/codeql/codeql/go/tools/autobuild.sh.
[2025-09-15 18:31:52] [PROGRESS] database create> Running build command: [/home/sayemah/Documents/Projects/Real-Score/Golang/codeql/codeql/go/tools/autobuild.sh]
[2025-09-15 18:31:52] Running plumbing command: codeql database trace-command --working-dir=/home/sayemah/Documents/Projects/Real-Score/Golang --index-traceless-dbs --no-db-cluster -- /home/sayemah/Documents/Projects/Real-Score/Golang/codeql-db /home/sayemah/Documents/Projects/Real-Score/Golang/codeql/codeql/go/tools/autobuild.sh
[2025-09-15 18:31:52] [PROGRESS] database trace-command> Running command in /home/sayemah/Documents/Projects/Real-Score/Golang: [/home/sayemah/Documents/Projects/Real-Score/Golang/codeql/codeql/go/tools/autobuild.sh]
[2025-09-15 18:31:52] [build-stderr] 2025/09/15 18:31:52 Autobuilder was built with go1.25.0, environment has go1.22.5
[2025-09-15 18:31:52] [build-stderr] 2025/09/15 18:31:52 LGTM_SRC is /home/sayemah/Documents/Projects/Real-Score/Golang
[2025-09-15 18:31:52] [build-stderr] 2025/09/15 18:31:52 Found no go.work files in the workspace; looking for go.mod files...
[2025-09-15 18:31:52] [build-stderr] 2025/09/15 18:31:52 Found 1 go.mod files in: go.mod.
[2025-09-15 18:31:52] [build-stderr] 2025/09/15 18:31:52 Found 1 go.mod file(s).
[2025-09-15 18:31:52] [build-stderr] 2025/09/15 18:31:52 Unable to determine import path, as neither LGTM_INDEX_IMPORT_PATH nor GITHUB_REPOSITORY is set
[2025-09-15 18:31:52] [build-stderr] 2025/09/15 18:31:52 Failed to stat go.sum after running `go mod tidy -e`: stat go.sum: no such file or directory
[2025-09-15 18:31:52] [build-stderr] 2025/09/15 18:31:52 Makefile found.
[2025-09-15 18:31:52] [build-stderr] 2025/09/15 18:31:52 Trying build command make []
[2025-09-15 18:31:52] [build-stdout] make[1]: Entering directory '/home/sayemah/Documents/Projects/Real-Score/Golang'
[2025-09-15 18:31:52] [build-stdout] Tidying Go modules...
[2025-09-15 18:31:52] [build-stdout] go mod tidy
[2025-09-15 18:31:52] [build-stdout] make[1]: Leaving directory '/home/sayemah/Documents/Projects/Real-Score/Golang'
[2025-09-15 18:31:52] [build-stderr] 2025/09/15 18:31:52 Running extractor command '/home/sayemah/Documents/Projects/Real-Score/Golang/codeql/codeql/go/tools/linux64/go-extractor [./...]' from directory '.'.
[2025-09-15 18:31:52] [build-stderr] 2025/09/15 18:31:52 Build flags: ''; patterns: './...'
[2025-09-15 18:31:52] [build-stderr] 2025/09/15 18:31:52 Running packages.Load.
[2025-09-15 18:31:52] [build-stderr] 2025/09/15 18:31:52 Done running packages.Load.
[2025-09-15 18:31:52] [build-stderr] 2025/09/15 18:31:52 Extracting universe scope.
[2025-09-15 18:31:52] [build-stderr] 2025/09/15 18:31:52 Done extracting universe scope.
[2025-09-15 18:31:52] [build-stderr] 2025/09/15 18:31:52 Running go list to resolve package and module directories.
[2025-09-15 18:31:53] [build-stderr] 2025/09/15 18:31:53 Done running go list deps: resolved 46 packages.
[2025-09-15 18:31:53] [build-stderr] 2025/09/15 18:31:53 Processing package internal/goarch.
[2025-09-15 18:31:53] [build-stderr] 2025/09/15 18:31:53 Extracting types for package internal/goarch.
[2025-09-15 18:31:53] [build-stderr] 2025/09/15 18:31:53 Done extracting types for package internal/goarch.
[2025-09-15 18:31:53] [build-stderr] 2025/09/15 18:31:53 Processing package unsafe.
[2025-09-15 18:31:53] [build-stderr] 2025/09/15 18:31:53 Extracting types for package unsafe.
[2025-09-15 18:31:53] [build-stderr] 2025/09/15 18:31:53 Done extracting types for package unsafe.
[2025-09-15 18:31:53] [build-stderr] 2025/09/15 18:31:53 Processing package internal/abi.
[2025-09-15 18:31:53] [build-stderr] 2025/09/15 18:31:53 Extracting types for package internal/abi.
[2025-09-15 18:31:53] [build-stderr] 2025/09/15 18:31:53 Done extracting types for package internal/abi.
[2025-09-15 18:31:53] [build-stderr] 2025/09/15 18:31:53 Processing package internal/unsafeheader.
[2025-09-15 18:31:53] [build-stderr] 2025/09/15 18:31:53 Extracting types for package internal/unsafeheader.
[2025-09-15 18:31:53] [build-stderr] 2025/09/15 18:31:53 Done extracting types for package internal/unsafeheader.
[2025-09-15 18:31:53] [build-stderr] 2025/09/15 18:31:53 Processing package internal/cpu.
[2025-09-15 18:31:53] [build-stderr] 2025/09/15 18:31:53 Extracting types for package internal/cpu.
[2025-09-15 18:31:53] [build-stderr] 2025/09/15 18:31:53 Done extracting types for package internal/cpu.
[2025-09-15 18:31:53] [build-stderr] 2025/09/15 18:31:53 Processing package internal/bytealg.
[2025-09-15 18:31:53] [build-stderr] 2025/09/15 18:31:53 Extracting types for package internal/bytealg.
[2025-09-15 18:31:53] [build-stderr] 2025/09/15 18:31:53 Done extracting types for package internal/bytealg.
[2025-09-15 18:31:53] [build-stderr] 2025/09/15 18:31:53 Processing package internal/chacha8rand.
[2025-09-15 18:31:53] [build-stderr] 2025/09/15 18:31:53 Extracting types for package internal/chacha8rand.
[2025-09-15 18:31:53] [build-stderr] 2025/09/15 18:31:53 Done extracting types for package internal/chacha8rand.
[2025-09-15 18:31:53] [build-stderr] 2025/09/15 18:31:53 Processing package internal/coverage/rtcov.
[2025-09-15 18:31:53] [build-stderr] 2025/09/15 18:31:53 Extracting types for package internal/coverage/rtcov.
[2025-09-15 18:31:53] [build-stderr] 2025/09/15 18:31:53 Done extracting types for package internal/coverage/rtcov.
[2025-09-15 18:31:53] [build-stderr] 2025/09/15 18:31:53 Processing package internal/godebugs.
[2025-09-15 18:31:53] [build-stderr] 2025/09/15 18:31:53 Extracting types for package internal/godebugs.
[2025-09-15 18:31:53] [build-stderr] 2025/09/15 18:31:53 Done extracting types for package internal/godebugs.
[2025-09-15 18:31:53] [build-stderr] 2025/09/15 18:31:53 Processing package internal/goexperiment.
[2025-09-15 18:31:53] [build-stderr] 2025/09/15 18:31:53 Extracting types for package internal/goexperiment.
[2025-09-15 18:31:53] [build-stderr] 2025/09/15 18:31:53 Done extracting types for package internal/goexperiment.
[2025-09-15 18:31:53] [build-stderr] 2025/09/15 18:31:53 Processing package internal/goos.
[2025-09-15 18:31:53] [build-stderr] 2025/09/15 18:31:53 Extracting types for package internal/goos.
[2025-09-15 18:31:53] [build-stderr] 2025/09/15 18:31:53 Done extracting types for package internal/goos.
[2025-09-15 18:31:53] [build-stderr] 2025/09/15 18:31:53 Processing package runtime/internal/atomic.
[2025-09-15 18:31:53] [build-stderr] 2025/09/15 18:31:53 Extracting types for package runtime/internal/atomic.
[2025-09-15 18:31:53] [build-stderr] 2025/09/15 18:31:53 Done extracting types for package runtime/internal/atomic.
[2025-09-15 18:31:53] [build-stderr] 2025/09/15 18:31:53 Processing package runtime/internal/math.
[2025-09-15 18:31:53] [build-stderr] 2025/09/15 18:31:53 Extracting types for package runtime/internal/math.
[2025-09-15 18:31:53] [build-stderr] 2025/09/15 18:31:53 Done extracting types for package runtime/internal/math.
[2025-09-15 18:31:53] [build-stderr] 2025/09/15 18:31:53 Processing package runtime/internal/sys.
[2025-09-15 18:31:53] [build-stderr] 2025/09/15 18:31:53 Extracting types for package runtime/internal/sys.
[2025-09-15 18:31:53] [build-stderr] 2025/09/15 18:31:53 Done extracting types for package runtime/internal/sys.
[2025-09-15 18:31:53] [build-stderr] 2025/09/15 18:31:53 Processing package runtime/internal/syscall.
[2025-09-15 18:31:53] [build-stderr] 2025/09/15 18:31:53 Extracting types for package runtime/internal/syscall.
[2025-09-15 18:31:53] [build-stderr] 2025/09/15 18:31:53 Done extracting types for package runtime/internal/syscall.
[2025-09-15 18:31:53] [build-stderr] 2025/09/15 18:31:53 Processing package runtime.
[2025-09-15 18:31:53] [build-stderr] 2025/09/15 18:31:53 Extracting types for package runtime.
[2025-09-15 18:31:53] [build-stderr] 2025/09/15 18:31:53 Done extracting types for package runtime.
[2025-09-15 18:31:53] [build-stderr] 2025/09/15 18:31:53 Processing package internal/reflectlite.
[2025-09-15 18:31:53] [build-stderr] 2025/09/15 18:31:53 Extracting types for package internal/reflectlite.
[2025-09-15 18:31:53] [build-stderr] 2025/09/15 18:31:53 Done extracting types for package internal/reflectlite.
[2025-09-15 18:31:53] [build-stderr] 2025/09/15 18:31:53 Processing package errors.
[2025-09-15 18:31:53] [build-stderr] 2025/09/15 18:31:53 Extracting types for package errors.
[2025-09-15 18:31:53] [build-stderr] 2025/09/15 18:31:53 Done extracting types for package errors.
[2025-09-15 18:31:53] [build-stderr] 2025/09/15 18:31:53 Processing package internal/itoa.
[2025-09-15 18:31:53] [build-stderr] 2025/09/15 18:31:53 Extracting types for package internal/itoa.
[2025-09-15 18:31:53] [build-stderr] 2025/09/15 18:31:53 Done extracting types for package internal/itoa.
[2025-09-15 18:31:53] [build-stderr] 2025/09/15 18:31:53 Processing package math/bits.
[2025-09-15 18:31:53] [build-stderr] 2025/09/15 18:31:53 Extracting types for package math/bits.
[2025-09-15 18:31:53] [build-stderr] 2025/09/15 18:31:53 Done extracting types for package math/bits.
[2025-09-15 18:31:53] [build-stderr] 2025/09/15 18:31:53 Processing package math.
[2025-09-15 18:31:53] [build-stderr] 2025/09/15 18:31:53 Extracting types for package math.
[2025-09-15 18:31:53] [build-stderr] 2025/09/15 18:31:53 Done extracting types for package math.
[2025-09-15 18:31:53] [build-stderr] 2025/09/15 18:31:53 Processing package unicode/utf8.
[2025-09-15 18:31:53] [build-stderr] 2025/09/15 18:31:53 Extracting types for package unicode/utf8.
[2025-09-15 18:31:53] [build-stderr] 2025/09/15 18:31:53 Done extracting types for package unicode/utf8.
[2025-09-15 18:31:53] [build-stderr] 2025/09/15 18:31:53 Processing package strconv.
[2025-09-15 18:31:53] [build-stderr] 2025/09/15 18:31:53 Extracting types for package strconv.
[2025-09-15 18:31:53] [build-stderr] 2025/09/15 18:31:53 Done extracting types for package strconv.
[2025-09-15 18:31:53] [build-stderr] 2025/09/15 18:31:53 Processing package internal/race.
[2025-09-15 18:31:53] [build-stderr] 2025/09/15 18:31:53 Extracting types for package internal/race.
[2025-09-15 18:31:53] [build-stderr] 2025/09/15 18:31:53 Done extracting types for package internal/race.
[2025-09-15 18:31:53] [build-stderr] 2025/09/15 18:31:53 Processing package sync/atomic.
[2025-09-15 18:31:53] [build-stderr] 2025/09/15 18:31:53 Extracting types for package sync/atomic.
[2025-09-15 18:31:53] [build-stderr] 2025/09/15 18:31:53 Done extracting types for package sync/atomic.
[2025-09-15 18:31:53] [build-stderr] 2025/09/15 18:31:53 Processing package sync.
[2025-09-15 18:31:53] [build-stderr] 2025/09/15 18:31:53 Extracting types for package sync.
[2025-09-15 18:31:53] [build-stderr] 2025/09/15 18:31:53 Done extracting types for package sync.
[2025-09-15 18:31:53] [build-stderr] 2025/09/15 18:31:53 Processing package unicode.
[2025-09-15 18:31:53] [build-stderr] 2025/09/15 18:31:53 Extracting types for package unicode.
[2025-09-15 18:31:53] [build-stderr] 2025/09/15 18:31:53 Done extracting types for package unicode.
[2025-09-15 18:31:53] [build-stderr] 2025/09/15 18:31:53 Processing package reflect.
[2025-09-15 18:31:53] [build-stderr] 2025/09/15 18:31:53 Extracting types for package reflect.
[2025-09-15 18:31:53] [build-stderr] 2025/09/15 18:31:53 Done extracting types for package reflect.
[2025-09-15 18:31:53] [build-stderr] 2025/09/15 18:31:53 Processing package cmp.
[2025-09-15 18:31:53] [build-stderr] 2025/09/15 18:31:53 Extracting types for package cmp.
[2025-09-15 18:31:53] [build-stderr] 2025/09/15 18:31:53 Done extracting types for package cmp.
[2025-09-15 18:31:53] [build-stderr] 2025/09/15 18:31:53 Processing package slices.
[2025-09-15 18:31:53] [build-stderr] 2025/09/15 18:31:53 Extracting types for package slices.
[2025-09-15 18:31:53] [build-stderr] 2025/09/15 18:31:53 Done extracting types for package slices.
[2025-09-15 18:31:53] [build-stderr] 2025/09/15 18:31:53 Processing package sort.
[2025-09-15 18:31:53] [build-stderr] 2025/09/15 18:31:53 Extracting types for package sort.
[2025-09-15 18:31:53] [build-stderr] 2025/09/15 18:31:53 Done extracting types for package sort.
[2025-09-15 18:31:53] [build-stderr] 2025/09/15 18:31:53 Processing package internal/fmtsort.
[2025-09-15 18:31:53] [build-stderr] 2025/09/15 18:31:53 Extracting types for package internal/fmtsort.
[2025-09-15 18:31:53] [build-stderr] 2025/09/15 18:31:53 Done extracting types for package internal/fmtsort.
[2025-09-15 18:31:53] [build-stderr] 2025/09/15 18:31:53 Processing package io.
[2025-09-15 18:31:53] [build-stderr] 2025/09/15 18:31:53 Extracting types for package io.
[2025-09-15 18:31:53] [build-stderr] 2025/09/15 18:31:53 Done extracting types for package io.
[2025-09-15 18:31:53] [build-stderr] 2025/09/15 18:31:53 Processing package internal/oserror.
[2025-09-15 18:31:53] [build-stderr] 2025/09/15 18:31:53 Extracting types for package internal/oserror.
[2025-09-15 18:31:53] [build-stderr] 2025/09/15 18:31:53 Done extracting types for package internal/oserror.
[2025-09-15 18:31:53] [build-stderr] 2025/09/15 18:31:53 Processing package syscall.
[2025-09-15 18:31:53] [build-stderr] 2025/09/15 18:31:53 Extracting types for package syscall.
[2025-09-15 18:31:53] [build-stderr] 2025/09/15 18:31:53 Done extracting types for package syscall.
[2025-09-15 18:31:53] [build-stderr] 2025/09/15 18:31:53 Processing package internal/syscall/unix.
[2025-09-15 18:31:53] [build-stderr] 2025/09/15 18:31:53 Extracting types for package internal/syscall/unix.
[2025-09-15 18:31:53] [build-stderr] 2025/09/15 18:31:53 Done extracting types for package internal/syscall/unix.
[2025-09-15 18:31:53] [build-stderr] 2025/09/15 18:31:53 Processing package time.
[2025-09-15 18:31:53] [build-stderr] 2025/09/15 18:31:53 Extracting types for package time.
[2025-09-15 18:31:53] [build-stderr] 2025/09/15 18:31:53 Done extracting types for package time.
[2025-09-15 18:31:53] [build-stderr] 2025/09/15 18:31:53 Processing package internal/poll.
[2025-09-15 18:31:53] [build-stderr] 2025/09/15 18:31:53 Extracting types for package internal/poll.
[2025-09-15 18:31:53] [build-stderr] 2025/09/15 18:31:53 Done extracting types for package internal/poll.
[2025-09-15 18:31:53] [build-stderr] 2025/09/15 18:31:53 Processing package internal/safefilepath.
[2025-09-15 18:31:53] [build-stderr] 2025/09/15 18:31:53 Extracting types for package internal/safefilepath.
[2025-09-15 18:31:53] [build-stderr] 2025/09/15 18:31:53 Done extracting types for package internal/safefilepath.
[2025-09-15 18:31:53] [build-stderr] 2025/09/15 18:31:53 Processing package internal/syscall/execenv.
[2025-09-15 18:31:53] [build-stderr] 2025/09/15 18:31:53 Extracting types for package internal/syscall/execenv.
[2025-09-15 18:31:53] [build-stderr] 2025/09/15 18:31:53 Done extracting types for package internal/syscall/execenv.
[2025-09-15 18:31:53] [build-stderr] 2025/09/15 18:31:53 Processing package internal/testlog.
[2025-09-15 18:31:53] [build-stderr] 2025/09/15 18:31:53 Extracting types for package internal/testlog.
[2025-09-15 18:31:53] [build-stderr] 2025/09/15 18:31:53 Done extracting types for package internal/testlog.
[2025-09-15 18:31:53] [build-stderr] 2025/09/15 18:31:53 Processing package path.
[2025-09-15 18:31:53] [build-stderr] 2025/09/15 18:31:53 Extracting types for package path.
[2025-09-15 18:31:53] [build-stderr] 2025/09/15 18:31:53 Done extracting types for package path.
[2025-09-15 18:31:53] [build-stderr] 2025/09/15 18:31:53 Processing package io/fs.
[2025-09-15 18:31:53] [build-stderr] 2025/09/15 18:31:53 Extracting types for package io/fs.
[2025-09-15 18:31:53] [build-stderr] 2025/09/15 18:31:53 Done extracting types for package io/fs.
[2025-09-15 18:31:53] [build-stderr] 2025/09/15 18:31:53 Processing package os.
[2025-09-15 18:31:53] [build-stderr] 2025/09/15 18:31:53 Extracting types for package os.
[2025-09-15 18:31:53] [build-stderr] 2025/09/15 18:31:53 Done extracting types for package os.
[2025-09-15 18:31:53] [build-stderr] 2025/09/15 18:31:53 Processing package fmt.
[2025-09-15 18:31:53] [build-stderr] 2025/09/15 18:31:53 Extracting types for package fmt.
[2025-09-15 18:31:53] [build-stderr] 2025/09/15 18:31:53 Done extracting types for package fmt.
[2025-09-15 18:31:53] [build-stderr] 2025/09/15 18:31:53 Processing package demo.
[2025-09-15 18:31:53] [build-stderr] 2025/09/15 18:31:53 Extracting types for package demo.
[2025-09-15 18:31:53] [build-stderr] 2025/09/15 18:31:53 Done extracting types for package demo.
[2025-09-15 18:31:53] [build-stderr] 2025/09/15 18:31:53 Done processing dependencies.
[2025-09-15 18:31:53] [build-stderr] 2025/09/15 18:31:53 Starting to extract packages.
[2025-09-15 18:31:53] [build-stderr] 2025/09/15 18:31:53 Skipping dependency package internal/goarch.
[2025-09-15 18:31:53] [build-stderr] 2025/09/15 18:31:53 Skipping dependency package unsafe.
[2025-09-15 18:31:53] [build-stderr] 2025/09/15 18:31:53 Skipping dependency package internal/abi.
[2025-09-15 18:31:53] [build-stderr] 2025/09/15 18:31:53 Skipping dependency package internal/unsafeheader.
[2025-09-15 18:31:53] [build-stderr] 2025/09/15 18:31:53 Skipping dependency package internal/cpu.
[2025-09-15 18:31:53] [build-stderr] 2025/09/15 18:31:53 Skipping dependency package internal/bytealg.
[2025-09-15 18:31:53] [build-stderr] 2025/09/15 18:31:53 Skipping dependency package internal/chacha8rand.
[2025-09-15 18:31:53] [build-stderr] 2025/09/15 18:31:53 Skipping dependency package internal/coverage/rtcov.
[2025-09-15 18:31:53] [build-stderr] 2025/09/15 18:31:53 Skipping dependency package internal/godebugs.
[2025-09-15 18:31:53] [build-stderr] 2025/09/15 18:31:53 Skipping dependency package internal/goexperiment.
[2025-09-15 18:31:53] [build-stderr] 2025/09/15 18:31:53 Skipping dependency package internal/goos.
[2025-09-15 18:31:53] [build-stderr] 2025/09/15 18:31:53 Skipping dependency package runtime/internal/atomic.
[2025-09-15 18:31:53] [build-stderr] 2025/09/15 18:31:53 Skipping dependency package runtime/internal/math.
[2025-09-15 18:31:53] [build-stderr] 2025/09/15 18:31:53 Skipping dependency package runtime/internal/sys.
[2025-09-15 18:31:53] [build-stderr] 2025/09/15 18:31:53 Skipping dependency package runtime/internal/syscall.
[2025-09-15 18:31:53] [build-stderr] 2025/09/15 18:31:53 Skipping dependency package runtime.
[2025-09-15 18:31:53] [build-stderr] 2025/09/15 18:31:53 Skipping dependency package internal/reflectlite.
[2025-09-15 18:31:53] [build-stderr] 2025/09/15 18:31:53 Skipping dependency package errors.
[2025-09-15 18:31:53] [build-stderr] 2025/09/15 18:31:53 Skipping dependency package internal/itoa.
[2025-09-15 18:31:53] [build-stderr] 2025/09/15 18:31:53 Skipping dependency package math/bits.
[2025-09-15 18:31:53] [build-stderr] 2025/09/15 18:31:53 Skipping dependency package math.
[2025-09-15 18:31:53] [build-stderr] 2025/09/15 18:31:53 Skipping dependency package unicode/utf8.
[2025-09-15 18:31:53] [build-stderr] 2025/09/15 18:31:53 Skipping dependency package strconv.
[2025-09-15 18:31:53] [build-stderr] 2025/09/15 18:31:53 Skipping dependency package internal/race.
[2025-09-15 18:31:53] [build-stderr] 2025/09/15 18:31:53 Skipping dependency package sync/atomic.
[2025-09-15 18:31:53] [build-stderr] 2025/09/15 18:31:53 Skipping dependency package sync.
[2025-09-15 18:31:53] [build-stderr] 2025/09/15 18:31:53 Skipping dependency package unicode.
[2025-09-15 18:31:53] [build-stderr] 2025/09/15 18:31:53 Skipping dependency package reflect.
[2025-09-15 18:31:53] [build-stderr] 2025/09/15 18:31:53 Skipping dependency package cmp.
[2025-09-15 18:31:53] [build-stderr] 2025/09/15 18:31:53 Skipping dependency package slices.
[2025-09-15 18:31:53] [build-stderr] 2025/09/15 18:31:53 Skipping dependency package sort.
[2025-09-15 18:31:53] [build-stderr] 2025/09/15 18:31:53 Skipping dependency package internal/fmtsort.
[2025-09-15 18:31:53] [build-stderr] 2025/09/15 18:31:53 Skipping dependency package io.
[2025-09-15 18:31:53] [build-stderr] 2025/09/15 18:31:53 Skipping dependency package internal/oserror.
[2025-09-15 18:31:53] [build-stderr] 2025/09/15 18:31:53 Skipping dependency package syscall.
[2025-09-15 18:31:53] [build-stderr] 2025/09/15 18:31:53 Skipping dependency package internal/syscall/unix.
[2025-09-15 18:31:53] [build-stderr] 2025/09/15 18:31:53 Skipping dependency package time.
[2025-09-15 18:31:53] [build-stderr] 2025/09/15 18:31:53 Skipping dependency package internal/poll.
[2025-09-15 18:31:53] [build-stderr] 2025/09/15 18:31:53 Skipping dependency package internal/safefilepath.
[2025-09-15 18:31:53] [build-stderr] 2025/09/15 18:31:53 Skipping dependency package internal/syscall/execenv.
[2025-09-15 18:31:53] [build-stderr] 2025/09/15 18:31:53 Skipping dependency package internal/testlog.
[2025-09-15 18:31:53] [build-stderr] 2025/09/15 18:31:53 Skipping dependency package path.
[2025-09-15 18:31:53] [build-stderr] 2025/09/15 18:31:53 Skipping dependency package io/fs.
[2025-09-15 18:31:53] [build-stderr] 2025/09/15 18:31:53 Skipping dependency package os.
[2025-09-15 18:31:53] [build-stderr] 2025/09/15 18:31:53 Skipping dependency package fmt.
[2025-09-15 18:31:53] [build-stderr] 2025/09/15 18:31:53 Extracting /home/sayemah/Documents/Projects/Real-Score/Golang/go.mod
[2025-09-15 18:31:53] [build-stderr] 2025/09/15 18:31:53 Extracting /home/sayemah/Documents/Projects/Real-Score/Golang/main.go
[2025-09-15 18:31:53] [build-stderr] 2025/09/15 18:31:53 Done extracting /home/sayemah/Documents/Projects/Real-Score/Golang/go.mod (0ms)
[2025-09-15 18:31:53] [build-stderr] 2025/09/15 18:31:53 Done extracting /home/sayemah/Documents/Projects/Real-Score/Golang/main.go (1ms)
[2025-09-15 18:31:53] [build-stderr] 2025/09/15 18:31:53 Done extracting packages.
[2025-09-15 18:31:53] [build-stderr] 2025/09/15 18:31:53 Success: extraction succeeded for all 1 discovered project(s).
[2025-09-15 18:31:53] Plumbing command codeql database trace-command completed.
[2025-09-15 18:31:53] [PROGRESS] database create> Finalizing database at /home/sayemah/Documents/Projects/Real-Score/Golang/codeql-db.
[2025-09-15 18:31:53] Running plumbing command: codeql database finalize --no-db-cluster -- /home/sayemah/Documents/Projects/Real-Score/Golang/codeql-db
[2025-09-15 18:31:53] Using pre-finalize script /home/sayemah/Documents/Projects/Real-Score/Golang/codeql/codeql/go/tools/pre-finalize.sh.
[2025-09-15 18:31:53] [PROGRESS] database finalize> Running pre-finalize script /home/sayemah/Documents/Projects/Real-Score/Golang/codeql/codeql/go/tools/pre-finalize.sh in /home/sayemah/Documents/Projects/Real-Score/Golang.
[2025-09-15 18:31:53] Running plumbing command: codeql database trace-command --working-dir=/home/sayemah/Documents/Projects/Real-Score/Golang --no-tracing -- /home/sayemah/Documents/Projects/Real-Score/Golang/codeql-db /home/sayemah/Documents/Projects/Real-Score/Golang/codeql/codeql/go/tools/pre-finalize.sh
[2025-09-15 18:31:53] [PROGRESS] database trace-command> Running command in /home/sayemah/Documents/Projects/Real-Score/Golang: [/home/sayemah/Documents/Projects/Real-Score/Golang/codeql/codeql/go/tools/pre-finalize.sh]
[2025-09-15 18:31:53] [build-stderr] Scanning for files in /home/sayemah/Documents/Projects/Real-Score/Golang...
[2025-09-15 18:31:53] [build-stderr] /home/sayemah/Documents/Projects/Real-Score/Golang/codeql-db: Indexing files in in /home/sayemah/Documents/Projects/Real-Score/Golang...
[2025-09-15 18:31:53] [build-stderr] Running command in /home/sayemah/Documents/Projects/Real-Score/Golang: [/home/sayemah/Documents/Projects/Real-Score/Golang/codeql/codeql/html/tools/index-files.sh, /home/sayemah/Documents/Projects/Real-Score/Golang/codeql-db/working/files-to-index5797672383257448586.list]
[2025-09-15 18:31:54] Plumbing command codeql database trace-command completed.
[2025-09-15 18:31:54] [PROGRESS] database finalize> Pre-finalize script /home/sayemah/Documents/Projects/Real-Score/Golang/codeql/codeql/go/tools/pre-finalize.sh completed in 876 ms.
[2025-09-15 18:31:54] [PROGRESS] database finalize> Running TRAP import for CodeQL database at /home/sayemah/Documents/Projects/Real-Score/Golang/codeql-db...
[2025-09-15 18:31:54] Running plumbing command: codeql dataset import --dbscheme=/home/sayemah/Documents/Projects/Real-Score/Golang/codeql/codeql/go/go.dbscheme -- /home/sayemah/Documents/Projects/Real-Score/Golang/codeql-db/db-go /home/sayemah/Documents/Projects/Real-Score/Golang/codeql-db/trap/go
[2025-09-15 18:31:54] Clearing disk cache since the version file /home/sayemah/Documents/Projects/Real-Score/Golang/codeql-db/db-go/default/cache/version does not exist
[2025-09-15 18:31:54] Tuple pool not found. Clearing relations with cached strings
[2025-09-15 18:31:54] Trimming disk cache at /home/sayemah/Documents/Projects/Real-Score/Golang/codeql-db/db-go/default/cache in mode clear.
[2025-09-15 18:31:54] Sequence stamp origin is -6003585541285673389
[2025-09-15 18:31:54] Pausing evaluation to hard-clear memory at sequence stamp o+0
[2025-09-15 18:31:54] Unpausing evaluation
[2025-09-15 18:31:54] Pausing evaluation to quickly trim disk at sequence stamp o+1
[2025-09-15 18:31:54] Unpausing evaluation
[2025-09-15 18:31:54] Pausing evaluation to zealously trim disk at sequence stamp o+2
[2025-09-15 18:31:54] Unpausing evaluation
[2025-09-15 18:31:54] Trimming completed (3ms): Purged everything.
[2025-09-15 18:31:54] Scanning for files in /home/sayemah/Documents/Projects/Real-Score/Golang/codeql-db/trap/go
[2025-09-15 18:31:54] Found 53 TRAP files (678.93 KiB)
[2025-09-15 18:31:54] [PROGRESS] dataset import> Importing TRAP files
[2025-09-15 18:31:54] Importing cmp.trap.gz (1 of 53)
[2025-09-15 18:31:54] Importing 28f530e9e525976ed00ea880e495de_0.trap.gz (2 of 53)
[2025-09-15 18:31:54] Importing demo.trap.gz (3 of 53)
[2025-09-15 18:31:54] Importing errors.trap.gz (4 of 53)
[2025-09-15 18:31:54] Importing fmt.trap.gz (5 of 53)
[2025-09-15 18:31:54] Importing eclipse-1.0.html.trap.gz (6 of 53)
[2025-09-15 18:31:54] Importing mozilla-2.0.html.trap.gz (7 of 53)
[2025-09-15 18:31:54] Importing go.mod.trap.gz (8 of 53)
[2025-09-15 18:31:54] Importing main.go.trap.gz (9 of 53)
[2025-09-15 18:31:54] Importing abi.trap.gz (10 of 53)
[2025-09-15 18:31:54] Importing bytealg.trap.gz (11 of 53)
[2025-09-15 18:31:54] Importing chacha8rand.trap.gz (12 of 53)
[2025-09-15 18:31:54] Importing rtcov.trap.gz (13 of 53)
[2025-09-15 18:31:54] Importing cpu.trap.gz (14 of 53)
[2025-09-15 18:31:54] Importing fmtsort.trap.gz (15 of 53)
[2025-09-15 18:31:54] Importing goarch.trap.gz (16 of 53)
[2025-09-15 18:31:54] Importing godebugs.trap.gz (17 of 53)
[2025-09-15 18:31:54] Importing goexperiment.trap.gz (18 of 53)
[2025-09-15 18:31:54] Importing goos.trap.gz (19 of 53)
[2025-09-15 18:31:54] Importing itoa.trap.gz (20 of 53)
[2025-09-15 18:31:54] Importing oserror.trap.gz (21 of 53)
[2025-09-15 18:31:54] Importing poll.trap.gz (22 of 53)
[2025-09-15 18:31:54] Importing race.trap.gz (23 of 53)
[2025-09-15 18:31:54] Importing reflectlite.trap.gz (24 of 53)
[2025-09-15 18:31:54] Importing safefilepath.trap.gz (25 of 53)
[2025-09-15 18:31:54] Importing execenv.trap.gz (26 of 53)
[2025-09-15 18:31:54] Importing unix.trap.gz (27 of 53)
[2025-09-15 18:31:54] Importing testlog.trap.gz (28 of 53)
[2025-09-15 18:31:54] Importing unsafeheader.trap.gz (29 of 53)
[2025-09-15 18:31:54] Importing fs.trap.gz (30 of 53)
[2025-09-15 18:31:54] Importing io.trap.gz (31 of 53)
[2025-09-15 18:31:54] Importing bits.trap.gz (32 of 53)
[2025-09-15 18:31:54] Importing math.trap.gz (33 of 53)
[2025-09-15 18:31:54] Importing metadata.trap.gz (34 of 53)
[2025-09-15 18:31:54] Importing os.trap.gz (35 of 53)
[2025-09-15 18:31:54] Importing path.trap.gz (36 of 53)
[2025-09-15 18:31:54] Importing reflect.trap.gz (37 of 53)
[2025-09-15 18:31:54] Importing atomic.trap.gz (38 of 53)
[2025-09-15 18:31:54] Importing math.trap.gz (39 of 53)
[2025-09-15 18:31:54] Importing sys.trap.gz (40 of 53)
[2025-09-15 18:31:54] Importing syscall.trap.gz (41 of 53)
[2025-09-15 18:31:54] Importing runtime.trap.gz (42 of 53)
[2025-09-15 18:31:54] Importing slices.trap.gz (43 of 53)
[2025-09-15 18:31:54] Importing sort.trap.gz (44 of 53)
[2025-09-15 18:31:54] Importing strconv.trap.gz (45 of 53)
[2025-09-15 18:31:54] Importing atomic.trap.gz (46 of 53)
[2025-09-15 18:31:54] Importing sync.trap.gz (47 of 53)
[2025-09-15 18:31:54] Importing syscall.trap.gz (48 of 53)
[2025-09-15 18:31:54] Importing time.trap.gz (49 of 53)
[2025-09-15 18:31:54] Importing utf8.trap.gz (50 of 53)
[2025-09-15 18:31:54] Importing unicode.trap.gz (51 of 53)
[2025-09-15 18:31:54] Importing universe.trap.gz (52 of 53)
[2025-09-15 18:31:54] Importing unsafe.trap.gz (53 of 53)
[2025-09-15 18:31:54] [PROGRESS] dataset import> Merging relations
[2025-09-15 18:31:54] Merging 1 fragment for 'scopes'.
[2025-09-15 18:31:54] Merged 109 bytes for 'scopes'.
[2025-09-15 18:31:54] Merging 1 fragment for 'scopenesting'.
[2025-09-15 18:31:54] Merged 114 bytes for 'scopenesting'.
[2025-09-15 18:31:54] Merging 1 fragment for 'objects'.
[2025-09-15 18:31:54] Merged 42291 bytes (41.30 KiB) for 'objects'.
[2025-09-15 18:31:54] Merging 1 fragment for 'objectscopes'.
[2025-09-15 18:31:54] Merged 9021 bytes (8.81 KiB) for 'objectscopes'.
[2025-09-15 18:31:54] Merging 1 fragment for 'typename'.
[2025-09-15 18:31:54] Merged 1897 bytes (1.85 KiB) for 'typename'.
[2025-09-15 18:31:54] Merging 1 fragment for 'types'.
[2025-09-15 18:31:54] Merged 8596 bytes (8.39 KiB) for 'types'.
[2025-09-15 18:31:54] Merging 1 fragment for 'component_types'.
[2025-09-15 18:31:54] Merged 38234 bytes (37.34 KiB) for 'component_types'.
[2025-09-15 18:31:54] Merging 1 fragment for 'underlying_type'.
[2025-09-15 18:31:54] Merged 1853 bytes (1.81 KiB) for 'underlying_type'.
[2025-09-15 18:31:54] Merging 1 fragment for 'type_objects'.
[2025-09-15 18:31:54] Merged 1865 bytes (1.82 KiB) for 'type_objects'.
[2025-09-15 18:31:54] Merging 1 fragment for 'typeparam'.
[2025-09-15 18:31:54] Merged 944 bytes for 'typeparam'.
[2025-09-15 18:31:54] Merging 1 fragment for 'element_type'.
[2025-09-15 18:31:54] Merged 1102 bytes (1.08 KiB) for 'element_type'.
[2025-09-15 18:31:54] Merging 1 fragment for 'variadic'.
[2025-09-15 18:31:54] Merged 63 bytes for 'variadic'.
[2025-09-15 18:31:54] Merging 1 fragment for 'objecttypes'.
[2025-09-15 18:31:54] Merged 37193 bytes (36.32 KiB) for 'objecttypes'.
[2025-09-15 18:31:54] Merging 1 fragment for 'packages'.
[2025-09-15 18:31:54] Merged 313 bytes for 'packages'.
[2025-09-15 18:31:54] Merging 1 fragment for 'compilations'.
[2025-09-15 18:31:54] Merged 26 bytes for 'compilations'.
[2025-09-15 18:31:54] Merging 1 fragment for 'compilation_args'.
[2025-09-15 18:31:54] Merged 42 bytes for 'compilation_args'.
[2025-09-15 18:31:54] Merging 1 fragment for 'compilation_compiling_files'.
[2025-09-15 18:31:54] Merged 41 bytes for 'compilation_compiling_files'.
[2025-09-15 18:31:54] Merging 1 fragment for 'compilation_finished'.
[2025-09-15 18:31:54] Merged 66 bytes for 'compilation_finished'.
[2025-09-15 18:31:54] Merging 1 fragment for 'methodreceivers'.
[2025-09-15 18:31:54] Merged 3495 bytes (3.41 KiB) for 'methodreceivers'.
[2025-09-15 18:31:54] Merging 1 fragment for 'methodhosts'.
[2025-09-15 18:31:54] Merged 311 bytes for 'methodhosts'.
[2025-09-15 18:31:54] Merging 1 fragment for 'fieldstructs'.
[2025-09-15 18:31:54] Merged 4195 bytes (4.10 KiB) for 'fieldstructs'.
[2025-09-15 18:31:54] Merging 1 fragment for 'base_type'.
[2025-09-15 18:31:54] Merged 1599 bytes (1.56 KiB) for 'base_type'.
[2025-09-15 18:31:54] Merging 1 fragment for 'interface_private_method_ids'.
[2025-09-15 18:31:54] Merged 55 bytes for 'interface_private_method_ids'.
[2025-09-15 18:31:54] Merging 1 fragment for 'array_length'.
[2025-09-15 18:31:54] Merged 559 bytes for 'array_length'.
[2025-09-15 18:31:54] Merging 1 fragment for 'files'.
[2025-09-15 18:31:54] Merged 37 bytes for 'files'.
[2025-09-15 18:31:54] Merging 1 fragment for 'folders'.
[2025-09-15 18:31:54] Merged 48 bytes for 'folders'.
[2025-09-15 18:31:54] Merging 1 fragment for 'containerparent'.
[2025-09-15 18:31:54] Merged 57 bytes for 'containerparent'.
[2025-09-15 18:31:54] Merging 1 fragment for 'locations_default'.
[2025-09-15 18:31:54] Merged 3686 bytes (3.60 KiB) for 'locations_default'.
[2025-09-15 18:31:54] Merging 1 fragment for 'xmllocations'.
[2025-09-15 18:31:54] Merged 1233 bytes (1.20 KiB) for 'xmllocations'.
[2025-09-15 18:31:54] Merging 1 fragment for 'xmlChars'.
[2025-09-15 18:31:54] Merged 1121 bytes (1.09 KiB) for 'xmlChars'.
[2025-09-15 18:31:54] Merging 1 fragment for 'xmlElements'.
[2025-09-15 18:31:54] Merged 984 bytes for 'xmlElements'.
[2025-09-15 18:31:54] Merging 1 fragment for 'xmlAttrs'.
[2025-09-15 18:31:54] Merged 304 bytes for 'xmlAttrs'.
[2025-09-15 18:31:54] Merging 1 fragment for 'xmlComments'.
[2025-09-15 18:31:54] Merged 53 bytes for 'xmlComments'.
[2025-09-15 18:31:54] Merging 1 fragment for 'has_location'.
[2025-09-15 18:31:54] Merged 179 bytes for 'has_location'.
[2025-09-15 18:31:54] Merging 1 fragment for 'modtokens'.
[2025-09-15 18:31:54] Merged 51 bytes for 'modtokens'.
[2025-09-15 18:31:54] Merging 1 fragment for 'modexprs'.
[2025-09-15 18:31:54] Merged 56 bytes for 'modexprs'.
[2025-09-15 18:31:54] Merging 1 fragment for 'literals'.
[2025-09-15 18:31:54] Merged 188 bytes for 'literals'.
[2025-09-15 18:31:54] Merging 1 fragment for 'exprs'.
[2025-09-15 18:31:54] Merged 245 bytes for 'exprs'.
[2025-09-15 18:31:54] Merging 1 fragment for 'specs'.
[2025-09-15 18:31:54] Merged 53 bytes for 'specs'.
[2025-09-15 18:31:54] Merging 1 fragment for 'decls'.
[2025-09-15 18:31:54] Merged 61 bytes for 'decls'.
[2025-09-15 18:31:54] Merging 1 fragment for 'type_of'.
[2025-09-15 18:31:54] Merged 126 bytes for 'type_of'.
[2025-09-15 18:31:54] Merging 1 fragment for 'defs'.
[2025-09-15 18:31:54] Merged 47 bytes for 'defs'.
[2025-09-15 18:31:54] Merging 1 fragment for 'fields'.
[2025-09-15 18:31:54] Merged 54 bytes for 'fields'.
[2025-09-15 18:31:54] Merging 1 fragment for 'uses'.
[2025-09-15 18:31:54] Merged 70 bytes for 'uses'.
[2025-09-15 18:31:54] Merging 1 fragment for 'scopenodes'.
[2025-09-15 18:31:54] Merged 42 bytes for 'scopenodes'.
[2025-09-15 18:31:54] Merging 1 fragment for 'stmts'.
[2025-09-15 18:31:54] Merged 79 bytes for 'stmts'.
[2025-09-15 18:31:54] Merging 1 fragment for 'constvalues'.
[2025-09-15 18:31:54] Merged 65 bytes for 'constvalues'.
[2025-09-15 18:31:54] Merging 1 fragment for 'numlines'.
[2025-09-15 18:31:54] Merged 45 bytes for 'numlines'.
[2025-09-15 18:31:54] Merging 1 fragment for 'sourceLocationPrefix'.
[2025-09-15 18:31:54] Merged 17 bytes for 'sourceLocationPrefix'.
[2025-09-15 18:31:54] Merging 1 fragment for 'key_type'.
[2025-09-15 18:31:54] Merged 83 bytes for 'key_type'.
[2025-09-15 18:31:54] Saving string and id pools to disk.
[2025-09-15 18:31:54] Finished importing TRAP files.
[2025-09-15 18:31:54] Read 3.86 MiB of uncompressed TRAP data.
[2025-09-15 18:31:54] Uncompressed relation data size: 630.10 KiB
[2025-09-15 18:31:54] Relation data size: 159.15 KiB (merge rate: 3.24 MiB/s)
[2025-09-15 18:31:54] String pool size: 2.22 MiB
[2025-09-15 18:31:54] ID pool size: 1.75 MiB
[2025-09-15 18:31:54] [PROGRESS] dataset import> Finished writing database (relations: 159.15 KiB; string pool: 2.22 MiB).
[2025-09-15 18:31:54] Pausing evaluation to close the cache at sequence stamp o+103
[2025-09-15 18:31:54] The disk cache is freshly trimmed; leave it be.
[2025-09-15 18:31:54] Unpausing evaluation
[2025-09-15 18:31:54] Plumbing command codeql dataset import completed.
[2025-09-15 18:31:54] [PROGRESS] database finalize> TRAP import complete (633ms).
[2025-09-15 18:31:54] Running plumbing command: codeql database cleanup -- /home/sayemah/Documents/Projects/Real-Score/Golang/codeql-db
[2025-09-15 18:31:54] [PROGRESS] database cleanup> Cleaning up existing TRAP files after import...
[2025-09-15 18:31:54] [PROGRESS] database cleanup> TRAP files cleaned up (1ms).
[2025-09-15 18:31:54] [PROGRESS] database cleanup> Cleaning up scratch directory...
[2025-09-15 18:31:54] [PROGRESS] database cleanup> Scratch directory cleaned up (1ms).
[2025-09-15 18:31:54] Running plumbing command: codeql dataset cleanup -- /home/sayemah/Documents/Projects/Real-Score/Golang/codeql-db/db-go
[2025-09-15 18:31:54] [PROGRESS] dataset cleanup> Cleaning up dataset in /home/sayemah/Documents/Projects/Real-Score/Golang/codeql-db/db-go.
[2025-09-15 18:31:54] Trimming disk cache at /home/sayemah/Documents/Projects/Real-Score/Golang/codeql-db/db-go/default/cache in mode trim.
[2025-09-15 18:31:54] Sequence stamp origin is -6003585538784757226
[2025-09-15 18:31:54] Pausing evaluation to quickly trim memory at sequence stamp o+0
[2025-09-15 18:31:54] Unpausing evaluation
[2025-09-15 18:31:54] Pausing evaluation to zealously trim disk at sequence stamp o+1
[2025-09-15 18:31:54] Unpausing evaluation
[2025-09-15 18:31:54] Trimming completed (1ms): Trimmed disposable data from cache.
[2025-09-15 18:31:54] Pausing evaluation to close the cache at sequence stamp o+2
[2025-09-15 18:31:54] The disk cache is freshly trimmed; leave it be.
[2025-09-15 18:31:54] Unpausing evaluation
[2025-09-15 18:31:54] [PROGRESS] dataset cleanup> Trimmed disposable data from cache.
[2025-09-15 18:31:54] [PROGRESS] dataset cleanup> Finalizing dataset in /home/sayemah/Documents/Projects/Real-Score/Golang/codeql-db/db-go
[2025-09-15 18:31:54] [DETAILS] dataset cleanup> Finished deleting ID pool from /home/sayemah/Documents/Projects/Real-Score/Golang/codeql-db/db-go (0ms).
[2025-09-15 18:31:54] Plumbing command codeql dataset cleanup completed.
[2025-09-15 18:31:54] Plumbing command codeql database cleanup completed with status 0.
[2025-09-15 18:31:54] [PROGRESS] database finalize> Finished zipping source archive (11.19 KiB).
[2025-09-15 18:31:54] Plumbing command codeql database finalize completed.
[2025-09-15 18:31:54] [PROGRESS] database create> Successfully created database at /home/sayemah/Documents/Projects/Real-Score/Golang/codeql-db.
[2025-09-15 18:31:54] Terminating normally.
